<?xml version="1.0" encoding="UTF-8"?>
<!-- Generated by org.testng.reporters.JUnitReportReporter -->
<testsuite hostname="Gaurav" name="appiumpackage.LoginSusu" tests="1" failures="0" timestamp="13 Apr 2018 14:35:32 GMT" time="42.023" errors="0">
  <testcase name="testLogin" time="42.023" classname="appiumpackage.LoginSusu"/>
</testsuite> <!-- appiumpackage.LoginSusu -->
