<?xml version="1.0" encoding="UTF-8"?>
<!-- Generated by org.testng.reporters.JUnitReportReporter -->
<testsuite hostname="ubtwoslave1" name="com.qa.tests.hrmstest" tests="6" failures="0" timestamp="17 Apr 2018 16:03:05 GMT" time="21.922" errors="0">
  <testcase name="mon" time="0.014" classname="com.qa.tests.hrmstest"/>
  <testcase name="two" time="19.347" classname="com.qa.tests.hrmstest"/>
  <testcase name="v" time="2.550" classname="com.qa.tests.hrmstest"/>
  <testcase name="zs" time="0.005" classname="com.qa.tests.hrmstest"/>
  <testcase name="tues" time="0.002" classname="com.qa.tests.hrmstest"/>
  <testcase name="wed" time="0.004" classname="com.qa.tests.hrmstest"/>
</testsuite> <!-- com.qa.tests.hrmstest -->
