<?xml version="1.0" encoding="UTF-8"?>
<!-- Generated by org.testng.reporters.JUnitReportReporter -->
<testsuite hostname="Gaurav" name="appiumpackage.appiumfilee" tests="1" failures="0" timestamp="30 Oct 2017 08:30:12 GMT" time="2.929" errors="0">
  <testcase name="testCal" time="2.929" classname="appiumpackage.appiumfilee"/>
</testsuite> <!-- appiumpackage.appiumfilee -->
