<?xml version="1.0" encoding="UTF-8"?>
<!-- Generated by org.testng.reporters.JUnitReportReporter -->
<testsuite hostname="Gaurav" name="First.NewTest" tests="2" failures="0" timestamp="12 Apr 2018 09:14:26 GMT" time="36.719" errors="0">
  <testcase name="two" time="32.725" classname="First.NewTest"/>
  <testcase name="v" time="3.994" classname="First.NewTest"/>
</testsuite> <!-- First.NewTest -->
