<?xml version="1.0" encoding="UTF-8"?>
<!-- Generated by org.testng.reporters.JUnitReportReporter -->
<testsuite hostname="Gaurav" name="appiumpackage.appiumfile" tests="1" failures="0" timestamp="13 Apr 2018 13:31:01 GMT" time="37.140" errors="0">
  <testcase name="testCal" time="37.140" classname="appiumpackage.appiumfile"/>
</testsuite> <!-- appiumpackage.appiumfile -->
