<?xml version="1.0" encoding="UTF-8"?>
<!-- Generated by org.testng.reporters.JUnitReportReporter -->
<testsuite hostname="Rohit" name="testingdemo.first" tests="1" failures="0" timestamp="10 Apr 2018 08:34:51 GMT" time="0.011" errors="0">
  <testcase name="add" time="0.011" classname="testingdemo.first"/>
</testsuite> <!-- testingdemo.first -->
