<?xml version="1.0" encoding="UTF-8"?>
<!-- Generated by org.testng.reporters.JUnitReportReporter -->
<testsuite hostname="ubtwoslave1" name="com.qa.tests.DemoTest" tests="6" failures="0" timestamp="17 Apr 2018 13:40:52 GMT" time="24.151" errors="0">
  <testcase name="mon" time="0.063" classname="com.qa.tests.DemoTest"/>
  <testcase name="tues" time="0.010" classname="com.qa.tests.DemoTest"/>
  <testcase name="wed" time="0.004" classname="com.qa.tests.DemoTest"/>
  <testcase name="zs" time="0.010" classname="com.qa.tests.DemoTest"/>
  <testcase name="two" time="21.464" classname="com.qa.tests.DemoTest"/>
  <testcase name="v" time="2.600" classname="com.qa.tests.DemoTest"/>
</testsuite> <!-- com.qa.tests.DemoTest -->
