<?xml version="1.0" encoding="UTF-8"?>
<!-- Generated by org.testng.reporters.JUnitReportReporter -->
<testsuite hostname="ubtwoslave1" name="com.qa.tests.DemoTest" tests="6" failures="0" timestamp="17 Apr 2018 14:55:29 GMT" time="23.571" errors="0">
  <testcase name="two" time="20.406" classname="com.qa.tests.DemoTest"/>
  <testcase name="mon" time="0.005" classname="com.qa.tests.DemoTest"/>
  <testcase name="v" time="3.150" classname="com.qa.tests.DemoTest"/>
  <testcase name="wed" time="0.000" classname="com.qa.tests.DemoTest"/>
  <testcase name="zs" time="0.002" classname="com.qa.tests.DemoTest"/>
  <testcase name="tues" time="0.008" classname="com.qa.tests.DemoTest"/>
</testsuite> <!-- com.qa.tests.DemoTest -->
