<?xml version="1.0" encoding="UTF-8"?>
<!-- Generated by org.testng.reporters.JUnitReportReporter -->
<testsuite hostname="ubtwoslave1" name="com.qa.tests.hrmsTest" tests="6" failures="0" timestamp="17 Apr 2018 16:44:23 GMT" time="23.129" errors="0">
  <testcase name="two" time="20.482" classname="com.qa.tests.hrmsTest"/>
  <testcase name="mon" time="0.005" classname="com.qa.tests.hrmsTest"/>
  <testcase name="v" time="2.641" classname="com.qa.tests.hrmsTest"/>
  <testcase name="wed" time="0.000" classname="com.qa.tests.hrmsTest"/>
  <testcase name="zs" time="0.000" classname="com.qa.tests.hrmsTest"/>
  <testcase name="tues" time="0.001" classname="com.qa.tests.hrmsTest"/>
</testsuite> <!-- com.qa.tests.hrmsTest -->
